#
# A fatal error has been detected by the Java Runtime Environment:
#
#  Internal Error (javaClasses.cpp:129), pid=3120, tid=4072
#  fatal error: Invalid layout of preloaded class
#
# JRE version: 7.0_10-b18
# Java VM: Java HotSpot(TM) Client VM (23.6-b04 mixed mode windows-x86 )
# Failed to write core dump. Minidumps are not enabled by default on client versions of Windows
#
# If you would like to submit a bug report, please visit:
#   http://bugreport.sun.com/bugreport/crash.jsp
#

---------------  T H R E A D  ---------------

Current thread (0x0238a400):  JavaThread "Unknown thread" [_thread_in_vm, id=4072, stack(0x00390000,0x003e0000)]

Stack: [0x00390000,0x003e0000],  sp=0x003df810,  free space=318k
Native frames: (J=compiled Java code, j=interpreted, Vv=VM code, C=native code)
V  [jvm.dll+0x16f311]
V  [jvm.dll+0x1694c6]
V  [jvm.dll+0x2082f]
V  [jvm.dll+0x208b6]
V  [jvm.dll+0x2e64d]
V  [jvm.dll+0x2e8f9]
V  [jvm.dll+0x77d01]
V  [jvm.dll+0x780bb]
V  [jvm.dll+0x129101]
V  [jvm.dll+0x149baa]
V  [jvm.dll+0xa997f]
C  [javaw.exe+0x13ca]
C  [javaw.exe+0x1e3c]
C  [javaw.exe+0xa5e3]
C  [javaw.exe+0xa66d]
C  [kernel32.dll+0x4d2e9]  BaseThreadInitThunk+0x12
C  [ntdll.dll+0x41603]  RtlInitializeExceptionChain+0x63
C  [ntdll.dll+0x415d6]  RtlInitializeExceptionChain+0x36


---------------  P R O C E S S  ---------------

Java Threads: ( => current thread )

Other Threads:

=>0x0238a400 (exited) JavaThread "Unknown thread" [_thread_in_vm, id=4072, stack(0x00390000,0x003e0000)]

VM state:not at safepoint (not fully initialized)

VM Mutex/Monitor currently owned by a thread: None

GC Heap History (0 events):
No events

Deoptimization events (0 events):
No events

Internal exceptions (0 events):
No events

Events (10 events):
Event: 0.010 loading class 0x01aa33a0 done
Event: 0.010 loading class 0x01aa2d70 done
Event: 0.010 loading class 0x01aa2d48
Event: 0.010 loading class 0x01b17710
Event: 0.010 loading class 0x01b17710 done
Event: 0.010 loading class 0x01b17748
Event: 0.011 loading class 0x01b17748 done
Event: 0.011 loading class 0x01b0c9a0
Event: 0.011 loading class 0x01b0c9a0 done
Event: 0.011 loading class 0x01aa2d48 done


Dynamic libraries:
0x00e50000 - 0x00e7f000 	C:\Program Files\Java\jre7\bin\javaw.exe
0x770f0000 - 0x77218000 	C:\Windows\system32\ntdll.dll
0x76d30000 - 0x76e0c000 	C:\Windows\system32\kernel32.dll
0x76790000 - 0x76856000 	C:\Windows\system32\ADVAPI32.dll
0x757b0000 - 0x75873000 	C:\Windows\system32\RPCRT4.dll
0x766f0000 - 0x7678d000 	C:\Windows\system32\USER32.dll
0x766a0000 - 0x766eb000 	C:\Windows\system32\GDI32.dll
0x74740000 - 0x748de000 	C:\Windows\WinSxS\x86_microsoft.windows.common-controls_6595b64144ccf1df_6.0.6002.18305_none_5cb72f2a088b0ed3\COMCTL32.dll
0x75a50000 - 0x75afa000 	C:\Windows\system32\msvcrt.dll
0x77270000 - 0x772c9000 	C:\Windows\system32\SHLWAPI.dll
0x77240000 - 0x7725e000 	C:\Windows\system32\IMM32.DLL
0x76860000 - 0x76928000 	C:\Windows\system32\MSCTF.dll
0x77220000 - 0x77229000 	C:\Windows\system32\LPK.DLL
0x758b0000 - 0x7592d000 	C:\Windows\system32\USP10.dll
0x69950000 - 0x69a0d000 	C:\Program Files\Java\jre7\bin\msvcr100.dll
0x61b30000 - 0x61e7c000 	C:\Program Files\Java\jre7\bin\client\jvm.dll
0x72920000 - 0x72927000 	C:\Windows\system32\WSOCK32.dll
0x75880000 - 0x758ad000 	C:\Windows\system32\WS2_32.dll
0x77230000 - 0x77236000 	C:\Windows\system32\NSI.dll
0x73070000 - 0x730a2000 	C:\Windows\system32\WINMM.dll
0x76e10000 - 0x76f55000 	C:\Windows\system32\ole32.dll
0x76930000 - 0x769bd000 	C:\Windows\system32\OLEAUT32.dll
0x73cd0000 - 0x73d0e000 	C:\Windows\system32\OLEACC.dll
0x75710000 - 0x75717000 	C:\Windows\system32\PSAPI.DLL
0x73230000 - 0x7323c000 	C:\Program Files\Java\jre7\bin\verify.dll
0x72530000 - 0x72550000 	C:\Program Files\Java\jre7\bin\java.dll
0x72550000 - 0x72563000 	C:\Program Files\Java\jre7\bin\zip.dll
0x71eb0000 - 0x71f8c000 	C:\Windows\system32\dbghelp.dll

VM Arguments:
jvm_args: -Dfile.encoding=Cp1252 -Xbootclasspath:C:\Program Files\adt-bundle-windows-x86\sdk\platforms\android-17\android.jar 
java_command: com.example.phpconnect.testJAVAToPHPConnect
Launcher Type: SUN_STANDARD

Environment Variables:
PATH=C:/Program Files/Java/jre7/bin/client;C:/Program Files/Java/jre7/bin;C:/Program Files/Java/jre7/lib/i386;C:\Windows\system32;C:\Windows;C:\Windows\System32\Wbem;C:\Program Files\adt-bundle-windows-x86\eclipse;
USERNAME=Andi
OS=Windows_NT
PROCESSOR_IDENTIFIER=x86 Family 6 Model 15 Stepping 11, GenuineIntel



---------------  S Y S T E M  ---------------

OS: Windows Vista Build 6002 Service Pack 2

CPU:total 4 (4 cores per cpu, 1 threads per core) family 6 model 15 stepping 11, cmov, cx8, fxsr, mmx, sse, sse2, sse3, ssse3, tsc

Memory: 4k page, physical 3142684k(1238480k free), swap 6528084k(4560548k free)

vm_info: Java HotSpot(TM) Client VM (23.6-b04) for windows-x86 JRE (1.7.0_10-b18), built on Nov 28 2012 08:34:29 by "java_re" with unknown MS VC++:1600

time: Sat Jan 12 15:26:40 2013
elapsed time: 0 seconds

